<?xml version="1.0" encoding="UTF-8"?>
<testsuite name="com.springboot.sns_community.SnsCommunityApplicationTests" tests="1" skipped="0" failures="0" errors="0" timestamp="2023-04-17T13:32:47" hostname="DESKTOP-B0F007N" time="0.563">
  <properties/>
  <testcase name="contextLoads()" classname="com.springboot.sns_community.SnsCommunityApplicationTests" time="0.563"/>
  <system-out><![CDATA[22:32:43.609 [Test worker] DEBUG org.springframework.test.context.BootstrapUtils - Instantiating CacheAwareContextLoaderDelegate from class [org.springframework.test.context.cache.DefaultCacheAwareContextLoaderDelegate]
22:32:43.635 [Test worker] DEBUG org.springframework.test.context.BootstrapUtils - Instantiating BootstrapContext using constructor [public org.springframework.test.context.support.DefaultBootstrapContext(java.lang.Class,org.springframework.test.context.CacheAwareContextLoaderDelegate)]
22:32:43.701 [Test worker] DEBUG org.springframework.test.context.BootstrapUtils - Instantiating TestContextBootstrapper for test class [com.springboot.sns_community.SnsCommunityApplicationTests] from class [org.springframework.boot.test.context.SpringBootTestContextBootstrapper]
22:32:43.716 [Test worker] INFO org.springframework.boot.test.context.SpringBootTestContextBootstrapper - Neither @ContextConfiguration nor @ContextHierarchy found for test class [com.springboot.sns_community.SnsCommunityApplicationTests], using SpringBootContextLoader
22:32:43.721 [Test worker] DEBUG org.springframework.test.context.support.AbstractContextLoader - Did not detect default resource location for test class [com.springboot.sns_community.SnsCommunityApplicationTests]: class path resource [com/springboot/sns_community/SnsCommunityApplicationTests-context.xml] does not exist
22:32:43.722 [Test worker] DEBUG org.springframework.test.context.support.AbstractContextLoader - Did not detect default resource location for test class [com.springboot.sns_community.SnsCommunityApplicationTests]: class path resource [com/springboot/sns_community/SnsCommunityApplicationTestsContext.groovy] does not exist
22:32:43.723 [Test worker] INFO org.springframework.test.context.support.AbstractContextLoader - Could not detect default resource locations for test class [com.springboot.sns_community.SnsCommunityApplicationTests]: no resource found for suffixes {-context.xml, Context.groovy}.
22:32:43.724 [Test worker] INFO org.springframework.test.context.support.AnnotationConfigContextLoaderUtils - Could not detect default configuration classes for test class [com.springboot.sns_community.SnsCommunityApplicationTests]: SnsCommunityApplicationTests does not declare any static, non-private, non-final, nested classes annotated with @Configuration.
22:32:43.808 [Test worker] DEBUG org.springframework.test.context.support.ActiveProfilesUtils - Could not find an 'annotation declaring class' for annotation type [org.springframework.test.context.ActiveProfiles] and class [com.springboot.sns_community.SnsCommunityApplicationTests]
22:32:43.915 [Test worker] DEBUG org.springframework.context.annotation.ClassPathScanningCandidateComponentProvider - Identified candidate component class: file [C:\Users\fndlw\Desktop\Study\SPRING\sns_community\build\classes\java\main\com\springboot\sns_community\SnsCommunityApplication.class]
22:32:43.917 [Test worker] INFO org.springframework.boot.test.context.SpringBootTestContextBootstrapper - Found @SpringBootConfiguration com.springboot.sns_community.SnsCommunityApplication for test class com.springboot.sns_community.SnsCommunityApplicationTests
22:32:44.081 [Test worker] DEBUG org.springframework.boot.test.context.SpringBootTestContextBootstrapper - @TestExecutionListeners is not present for class [com.springboot.sns_community.SnsCommunityApplicationTests]: using defaults.
22:32:44.082 [Test worker] INFO org.springframework.boot.test.context.SpringBootTestContextBootstrapper - Loaded default TestExecutionListener class names from location [META-INF/spring.factories]: [org.springframework.security.test.context.support.WithSecurityContextTestExecutionListener, org.springframework.security.test.context.support.ReactorContextTestExecutionListener, org.springframework.boot.test.autoconfigure.restdocs.RestDocsTestExecutionListener, org.springframework.boot.test.autoconfigure.web.client.MockRestServiceServerResetTestExecutionListener, org.springframework.boot.test.autoconfigure.web.servlet.MockMvcPrintOnlyOnFailureTestExecutionListener, org.springframework.boot.test.autoconfigure.web.servlet.WebDriverTestExecutionListener, org.springframework.boot.test.autoconfigure.webservices.client.MockWebServiceServerTestExecutionListener, org.springframework.boot.test.mock.mockito.MockitoTestExecutionListener, org.springframework.boot.test.mock.mockito.ResetMocksTestExecutionListener, org.springframework.test.context.web.ServletTestExecutionListener, org.springframework.test.context.support.DirtiesContextBeforeModesTestExecutionListener, org.springframework.test.context.event.ApplicationEventsTestExecutionListener, org.springframework.test.context.support.DependencyInjectionTestExecutionListener, org.springframework.test.context.support.DirtiesContextTestExecutionListener, org.springframework.test.context.transaction.TransactionalTestExecutionListener, org.springframework.test.context.jdbc.SqlScriptsTestExecutionListener, org.springframework.test.context.event.EventPublishingTestExecutionListener]
22:32:44.125 [Test worker] INFO org.springframework.boot.test.context.SpringBootTestContextBootstrapper - Using TestExecutionListeners: [org.springframework.test.context.web.ServletTestExecutionListener@512d92b, org.springframework.test.context.support.DirtiesContextBeforeModesTestExecutionListener@62c5bbdc, org.springframework.test.context.event.ApplicationEventsTestExecutionListener@7bdf6bb7, org.springframework.boot.test.mock.mockito.MockitoTestExecutionListener@1bc53649, org.springframework.boot.test.autoconfigure.SpringBootDependencyInjectionTestExecutionListener@88d6f9b, org.springframework.test.context.support.DirtiesContextTestExecutionListener@47d93e0d, org.springframework.test.context.transaction.TransactionalTestExecutionListener@475b7792, org.springframework.test.context.jdbc.SqlScriptsTestExecutionListener@751e664e, org.springframework.security.test.context.support.WithSecurityContextTestExecutionListener@160c3ec1, org.springframework.test.context.event.EventPublishingTestExecutionListener@182b435b, org.springframework.security.test.context.support.ReactorContextTestExecutionListener@4d0402b, org.springframework.boot.test.autoconfigure.restdocs.RestDocsTestExecutionListener@2fa7ae9, org.springframework.boot.test.autoconfigure.web.client.MockRestServiceServerResetTestExecutionListener@7577b641, org.springframework.boot.test.autoconfigure.web.servlet.MockMvcPrintOnlyOnFailureTestExecutionListener@3704122f, org.springframework.boot.test.autoconfigure.web.servlet.WebDriverTestExecutionListener@3153ddfc, org.springframework.boot.test.autoconfigure.webservices.client.MockWebServiceServerTestExecutionListener@60afd40d, org.springframework.boot.test.mock.mockito.ResetMocksTestExecutionListener@28a2a3e7]
22:32:44.131 [Test worker] DEBUG org.springframework.test.context.support.AbstractDirtiesContextTestExecutionListener - Before test class: context [DefaultTestContext@5cbf9e9f testClass = SnsCommunityApplicationTests, testInstance = [null], testMethod = [null], testException = [null], mergedContextConfiguration = [WebMergedContextConfiguration@18e8473e testClass = SnsCommunityApplicationTests, locations = '{}', classes = '{class com.springboot.sns_community.SnsCommunityApplication}', contextInitializerClasses = '[]', activeProfiles = '{}', propertySourceLocations = '{}', propertySourceProperties = '{org.springframework.boot.test.context.SpringBootTestContextBootstrapper=true}', contextCustomizers = set[org.springframework.boot.test.autoconfigure.actuate.metrics.MetricsExportContextCustomizerFactory$DisableMetricExportContextCustomizer@62163b39, org.springframework.boot.test.autoconfigure.properties.PropertyMappingContextCustomizer@0, org.springframework.boot.test.autoconfigure.web.servlet.WebDriverContextCustomizerFactory$Customizer@cb191ca, org.springframework.boot.test.context.filter.ExcludeFilterContextCustomizer@1f2f9244, org.springframework.boot.test.json.DuplicateJsonObjectContextCustomizerFactory$DuplicateJsonObjectContextCustomizer@758c83d8, org.springframework.boot.test.mock.mockito.MockitoContextCustomizer@0, org.springframework.boot.test.web.client.TestRestTemplateContextCustomizer@e077866, org.springframework.boot.test.context.SpringBootTestArgs@1, org.springframework.boot.test.context.SpringBootTestWebEnvironment@2dc9b0f5], resourceBasePath = 'src/main/webapp', contextLoader = 'org.springframework.boot.test.context.SpringBootContextLoader', parent = [null]], attributes = map['org.springframework.test.context.web.ServletTestExecutionListener.activateListener' -> true]], class annotated with @DirtiesContext [false] with mode [null].

  .   ____          _            __ _ _
 /\\ / ___'_ __ _ _(_)_ __  __ _ \ \ \ \
( ( )\___ | '_ | '_| | '_ \/ _` | \ \ \ \
 \\/  ___)| |_)| | | | | || (_| |  ) ) ) )
  '  |____| .__|_| |_|_| |_\__, | / / / /
 =========|_|==============|___/=/_/_/_/
 :: Spring Boot ::               (v2.7.10)

2023-04-17 22:32:44.787  INFO 13676 --- [    Test worker] c.s.s.SnsCommunityApplicationTests       : Starting SnsCommunityApplicationTests using Java 11.0.15.1 on DESKTOP-B0F007N with PID 13676 (started by fndlw in C:\Users\fndlw\Desktop\Study\SPRING\sns_community)
2023-04-17 22:32:44.790  INFO 13676 --- [    Test worker] c.s.s.SnsCommunityApplicationTests       : No active profile set, falling back to 1 default profile: "default"
2023-04-17 22:32:47.330  INFO 13676 --- [    Test worker] o.s.b.a.w.s.WelcomePageHandlerMapping    : Adding welcome page: class path resource [static/index.html]
2023-04-17 22:32:47.833  INFO 13676 --- [    Test worker] c.s.s.SnsCommunityApplicationTests       : Started SnsCommunityApplicationTests in 3.641 seconds (JVM running for 6.072)
]]></system-out>
  <system-err><![CDATA[]]></system-err>
</testsuite>
